/*C4*/SET SCHEMA PUBLIC
DISCONNECT
/*C5*/SET SCHEMA PUBLIC
INSERT INTO PREGUNTAS VALUES(39,25,'asdad')
COMMIT
DELETE FROM PREGUNTAS WHERE ID_PREGUNTA=39
COMMIT
DELETE FROM PREGUNTAS WHERE ID_PREGUNTA=38
COMMIT
DELETE FROM PREGUNTAS WHERE ID_PREGUNTA=37
COMMIT
DELETE FROM PREGUNTAS WHERE ID_PREGUNTA=36
COMMIT
DELETE FROM PREGUNTAS WHERE ID_PREGUNTA=35
COMMIT
DELETE FROM PREGUNTAS WHERE ID_PREGUNTA=33
COMMIT
DELETE FROM PREGUNTAS WHERE ID_PREGUNTA=32
COMMIT
DELETE FROM PREGUNTAS WHERE ID_PREGUNTA=22
COMMIT
INSERT INTO PREGUNTAS VALUES(40,1,'adads')
COMMIT
DELETE FROM PREGUNTAS WHERE ID_PREGUNTA=40
COMMIT
DELETE FROM PREGUNTAS WHERE ID_PREGUNTA=34
COMMIT
DELETE FROM PREGUNTAS WHERE ID_PREGUNTA=20
COMMIT
DELETE FROM PREGUNTAS WHERE ID_PREGUNTA=19
COMMIT
DELETE FROM PREGUNTAS WHERE ID_PREGUNTA=18
COMMIT
DELETE FROM PREGUNTAS WHERE ID_PREGUNTA=17
COMMIT
DELETE FROM PREGUNTAS WHERE ID_PREGUNTA=16
COMMIT
DELETE FROM PREGUNTAS WHERE ID_PREGUNTA=15
COMMIT
DELETE FROM PREGUNTAS WHERE ID_PREGUNTA=14
COMMIT
DELETE FROM PREGUNTAS WHERE ID_PREGUNTA=13
COMMIT
DELETE FROM PREGUNTAS WHERE ID_PREGUNTA=12
COMMIT
DELETE FROM PREGUNTAS WHERE ID_PREGUNTA=11
COMMIT
INSERT INTO PREGUNTAS VALUES(41,4,'asdad')
COMMIT
INSERT INTO PREGUNTAS VALUES(42,4,'asdad')
COMMIT
INSERT INTO PREGUNTAS VALUES(43,4,'1234')
COMMIT
